<?xml version="1.0" encoding="UTF-8"?>
<!-- Generated by org.testng.reporters.JUnitXMLReporter -->
<testsuite hostname="KGM032" name="Test" tests="1" failures="1" timestamp="28 Jul 2016 12:40:46 GMT" time="0.089" errors="0">
  <testcase name="LogIn" time="0.071" classname="com.kagami.uiTests.ApplicationUi">
    <failure type="java.lang.IllegalStateException" message="The driver executable does not exist: C:\Users\Vishnu\newworkspace\RecruitmentApp\Browser_exe\chromedriver.exe">
      <![CDATA[java.lang.IllegalStateException: The driver executable does not exist: C:\Users\Vishnu\newworkspace\RecruitmentApp\Browser_exe\chromedriver.exe
	at com.google.common.base.Preconditions.checkState(Preconditions.java:199)
	at org.openqa.selenium.remote.service.DriverService.checkExecutable(DriverService.java:121)
	at org.openqa.selenium.remote.service.DriverService.findExecutable(DriverService.java:116)
	at org.openqa.selenium.chrome.ChromeDriverService.access$000(ChromeDriverService.java:32)
	at org.openqa.selenium.chrome.ChromeDriverService$Builder.findDefaultExecutable(ChromeDriverService.java:137)
	at org.openqa.selenium.remote.service.DriverService$Builder.build(DriverService.java:296)
	at org.openqa.selenium.chrome.ChromeDriverService.createDefaultService(ChromeDriverService.java:88)
	at org.openqa.selenium.chrome.ChromeDriver.<init>(ChromeDriver.java:116)
	at com.kagami.uiTests.ApplicationUi.LogIn(ApplicationUi.java:23)
... Removed 24 stack frames]]>
    </failure>
  </testcase> <!-- LogIn -->
</testsuite> <!-- Test -->
