<html xmlns:math="http://exslt.org/math" xmlns:testng="http://testng.org">
   <head>
      <title>TestNG Results</title>
      <meta http-equiv="content-type" content="text/html; charset=utf-8"></meta>
      <meta http-equiv="pragma" content="no-cache"></meta>
      <meta http-equiv="cache-control" content="max-age=0"></meta>
      <meta http-equiv="cache-control" content="no-cache"></meta>
      <meta http-equiv="cache-control" content="no-store"></meta>
      <LINK rel="stylesheet" href="style.css"></LINK>
      <script type="text/javascript" src="main.js"></script>
   </head>
   <body>
      <table width="100%" style="font-size: 16px; margin-bottom: 10px;" cellspacing="1">
         <tr>
            <td width="100%">
               All methods in suite
               
               <b>Suite</b>
            </td>
            <td style="background-color: #FFBBBB; padding: 3px 3px 3px 0;" align="center">
               <div style="width: 50px;">1</div>
            </td>
            <td style="background-color: lightgreen; padding: 3px 3px 3px 0;" align="center">
               <div style="width: 50px;">0</div>
            </td>
            <td style="background-color: #FFFFBB; padding: 3px 3px 3px 0;" align="center">
               <div style="width: 50px;">0</div>
            </td>
            <td align="center" style="background-color: #eaf0f7; padding: 3px 3px 3px 0;">
               <div style="width: 50px;">1</div>
            </td>
            <td align="center"
                style="font-weight: bold; background-color: #eaf0f7; padding: 3px 3px 3px 0;">
               <div style="width: 50px;">0%</div>
            </td>
            <td style="background-color: #eaf0f7; padding: 3px 3px 3px 0;" align="center"
                nowrap="true">10s
               
            </td>
         </tr>
      </table>
      <div style="width: 200px;">
         <label for="groupMethodsCheckBox" style="font-weight: bold; margin: 0;">
            <input id="groupMethodsCheckBox" type="checkbox" onclick="switchTestMethodsView(this)"
                   checked=""></input>
            Group by class
            
         </label>
         <br></br>
         <label for="methodsFilter_ALL" style="font-weight: bold; margin: 0;">
            <input id="methodsFilter_ALL" type="checkbox"
                   onclick="testMethodsFilterChanged(this, 'ALL')"
                   checked=""></input>
            All
            
         </label>
      </div>
      <label for="methodsFilter_FAIL" style="margin-left: 20px;">
         <input id="methodsFilter_FAIL" type="checkbox"
                onclick="testMethodsFilterChanged(this, 'FAIL')"
                checked=""></input>
         Failed
         
      </label>
      <label for="methodsFilter_PASS">
         <input id="methodsFilter_PASS" type="checkbox"
                onclick="testMethodsFilterChanged(this, 'PASS')"
                checked=""></input>
         Passed
         
      </label>
      <label for="methodsFilter_SKIP">
         <input id="methodsFilter_SKIP" type="checkbox"
                onclick="testMethodsFilterChanged(this, 'SKIP')"
                checked=""></input>
         Skipped
         
      </label>
      <label for="methodsFilter_CONF">
         <input id="methodsFilter_CONF" type="checkbox"
                onclick="testMethodsFilterChanged(this, 'CONF')"
                checked=""></input>
         Config
         
      </label>
      <br></br>
      <div id="testMethodsByStatus" style="display: none;">
         <table class="testMethodsTable" cellpadding="0" cellspacing="0">
            <tr class="methodsTableHeader">
               <td width="100%">Name</td>
               <td nowrap="true">Started</td>
               <td nowrap="true">Duration</td>
               <td>Exception</td>
            </tr>
            <tr id="com.kagami.uiTests.TestCase001_UiTc_01_byStatus_failed_FAIL1_row"
                class="testMethodStatusFAIL">
               <td width="100%" class="firstMethodCell">
                  <a onclick="toggleDetailsVisibility('com.kagami.uiTests.TestCase001_UiTc_01_byStatus_failed_FAIL1_details')">UiTc_01()</a>
               </td>
               <td nowrap="true">18:34:01</td>
               <td nowrap="true" align="right">58 ms
                  
               </td>
               <td nowrap="true">
                  <a onclick="toggleDetailsVisibility('com.kagami.uiTests.TestCase001_UiTc_01_byStatus_failed_FAIL1_exception')">org.openqa.selenium.NoSuchWindowException: 
                     no such window: target window already closed
                     from unknown error: web view not found
                     (Session info: chrome=51.0.2704.103)
                     (Driver info: chromedriver=2.21.371459 (36d3d07f660ff2bc1bf28a75d1cdabed0983e7c4),platform=Windows NT 6.1 SP1 x86_64) (WARNING:
                     The server did not provide any stacktrace information)
                     Command duration or timeout: 10 milliseconds
                     Build info: version: '2.53.1', revision: 'a36b8b1cd5757287168e54b817830adce9b0158d', time: '2016-06-30 19:26:09'
                     System info: host: 'KGML002', ip: '192.168.1.131', os.name: 'Windows 7', os.arch: 'amd64', os.version: '6.1', java.version:
                     '1.8.0_91'
                     Driver info: org.openqa.selenium.chrome.ChromeDriver
                     Capabilities [{applicationCacheEnabled=false, rotatable=false, mobileEmulationEnabled=false, chrome={chromedriverVersion=2.21.371459
                     (36d3d07f660ff2bc1bf28a75d1cdabed0983e7c4), userDataDir=C:\Users\Manish\AppData\Local\Temp\scoped_dir7432_10235}, takesHeapSnapshot=true,
                     databaseEnabled=false, handlesAlerts=true, hasTouchScreen=false, version=51.0.2704.103, platform=XP, browserConnectionEnabled=false,
                     nativeEvents=true, acceptSslCerts=true, locationContextEnabled=true, webStorageEnabled=true, browserName=chrome, takesScreenshot=true,
                     javascriptEnabled=true, cssSelectorsEnabled=true}]
                     Session ID: 78a29caef97f7c7f6c4f50973b25e4b2
                     *** Element info: {Using=id, value=username}
                     
                  </a>
                   
                  
               </td>
            </tr>
            <tr>
               <td colspan="4" class="detailsBox">
                  <div id="com.kagami.uiTests.TestCase001_UiTc_01_byStatus_failed_FAIL1_details"
                       class="testMethodDetails">
                     <div>
                        <b>Name: </b>UiTc_01
                     </div>
                     <div>
                        <b>Signature: </b>UiTc_01()[pri:0, instance:com.kagami.uiTests.TestCase001@7722c3c3]
                     </div>
                     <div>
                        <b>Start time: </b>18:34:01
                     </div>
                     <div>
                        <b>End time: </b>18:34:01
                     </div>
                     <div>
                        <b>Duration: </b>58 ms
                        
                     </div>
                  </div>
               </td>
            </tr>
            <tr>
               <td colspan="4" class="detailsBox">
                  <div id="com.kagami.uiTests.TestCase001_UiTc_01_byStatus_failed_FAIL1_exception"
                       class="testMethodDetails">
                     <pre style="padding: 5px; margin: 0;">org.openqa.selenium.NoSuchWindowException: no such window: target window already closed
                        from unknown error: web view not found
                        (Session info: chrome=51.0.2704.103)
                        (Driver info: chromedriver=2.21.371459 (36d3d07f660ff2bc1bf28a75d1cdabed0983e7c4),platform=Windows NT 6.1 SP1 x86_64) (WARNING:
                        The server did not provide any stacktrace information)
                        Command duration or timeout: 10 milliseconds
                        Build info: version: '2.53.1', revision: 'a36b8b1cd5757287168e54b817830adce9b0158d', time: '2016-06-30 19:26:09'
                        System info: host: 'KGML002', ip: '192.168.1.131', os.name: 'Windows 7', os.arch: 'amd64', os.version: '6.1', java.version:
                        '1.8.0_91'
                        Driver info: org.openqa.selenium.chrome.ChromeDriver
                        Capabilities [{applicationCacheEnabled=false, rotatable=false, mobileEmulationEnabled=false, chrome={chromedriverVersion=2.21.371459
                        (36d3d07f660ff2bc1bf28a75d1cdabed0983e7c4), userDataDir=C:\Users\Manish\AppData\Local\Temp\scoped_dir7432_10235}, takesHeapSnapshot=true,
                        databaseEnabled=false, handlesAlerts=true, hasTouchScreen=false, version=51.0.2704.103, platform=XP, browserConnectionEnabled=false,
                        nativeEvents=true, acceptSslCerts=true, locationContextEnabled=true, webStorageEnabled=true, browserName=chrome, takesScreenshot=true,
                        javascriptEnabled=true, cssSelectorsEnabled=true}]
                        Session ID: 78a29caef97f7c7f6c4f50973b25e4b2
                        *** Element info: {Using=id, value=username}
                        	at sun.reflect.NativeConstructorAccessorImpl.newInstance0(Native Method)
                        	at sun.reflect.NativeConstructorAccessorImpl.newInstance(NativeConstructorAccessorImpl.java:62)
                        	at sun.reflect.DelegatingConstructorAccessorImpl.newInstance(DelegatingConstructorAccessorImpl.java:45)
                        	at java.lang.reflect.Constructor.newInstance(Constructor.java:423)
                        	at org.openqa.selenium.remote.ErrorHandler.createThrowable(ErrorHandler.java:206)
                        	at org.openqa.selenium.remote.ErrorHandler.throwIfResponseFailed(ErrorHandler.java:158)
                        	at org.openqa.selenium.remote.RemoteWebDriver.execute(RemoteWebDriver.java:678)
                        	at org.openqa.selenium.remote.RemoteWebDriver.findElement(RemoteWebDriver.java:363)
                        	at org.openqa.selenium.remote.RemoteWebDriver.findElementById(RemoteWebDriver.java:413)
                        	at org.openqa.selenium.By$ById.findElement(By.java:218)
                        	at org.openqa.selenium.remote.RemoteWebDriver.findElement(RemoteWebDriver.java:355)
                        	at org.openqa.selenium.support.pagefactory.DefaultElementLocator.findElement(DefaultElementLocator.java:69)
                        	at org.openqa.selenium.support.pagefactory.internal.LocatingElementHandler.invoke(LocatingElementHandler.java:38)
                        	at com.sun.proxy.$Proxy9.sendKeys(Unknown Source)
                        	at com.kagami.pagerepo.KagamiPageRepository.enterEmail(KagamiPageRepository.java:47)
                        	at com.kagami.uiTests.TestCase001.UiTc_01(TestCase001.java:19)
                        	at sun.reflect.NativeMethodAccessorImpl.invoke0(Native Method)
                        	at sun.reflect.NativeMethodAccessorImpl.invoke(NativeMethodAccessorImpl.java:62)
                        	at sun.reflect.DelegatingMethodAccessorImpl.invoke(DelegatingMethodAccessorImpl.java:43)
                        	at java.lang.reflect.Method.invoke(Method.java:498)
                        	at org.testng.internal.MethodInvocationHelper.invokeMethod(MethodInvocationHelper.java:80)
                        	at org.testng.internal.Invoker.invokeMethod(Invoker.java:702)
                        	at org.testng.internal.Invoker.invokeTestMethod(Invoker.java:894)
                        	at org.testng.internal.Invoker.invokeTestMethods(Invoker.java:1219)
                        	at org.testng.internal.TestMethodWorker.invokeTestMethods(TestMethodWorker.java:127)
                        	at org.testng.internal.TestMethodWorker.run(TestMethodWorker.java:111)
                        	at org.testng.TestRunner.privateRun(TestRunner.java:768)
                        	at org.testng.TestRunner.run(TestRunner.java:617)
                        	at org.testng.SuiteRunner.runTest(SuiteRunner.java:334)
                        	at org.testng.SuiteRunner.runSequentially(SuiteRunner.java:329)
                        	at org.testng.SuiteRunner.privateRun(SuiteRunner.java:291)
                        	at org.testng.SuiteRunner.run(SuiteRunner.java:240)
                        	at org.testng.SuiteRunnerWorker.runSuite(SuiteRunnerWorker.java:53)
                        	at org.testng.SuiteRunnerWorker.run(SuiteRunnerWorker.java:87)
                        	at org.testng.TestNG.runSuitesSequentially(TestNG.java:1188)
                        	at org.testng.TestNG.runSuitesLocally(TestNG.java:1113)
                        	at org.testng.TestNG.run(TestNG.java:1025)
                        	at org.testng.remote.AbstractRemoteTestNG.run(AbstractRemoteTestNG.java:126)
                        	at org.testng.remote.RemoteTestNG.initAndRun(RemoteTestNG.java:152)
                        	at org.testng.remote.RemoteTestNG.main(RemoteTestNG.java:57)
                     </pre>
                  </div>
               </td>
            </tr>
            <tr id="com.kagami.uiTests.TestCase001_postclass_byStatus_failed_FAIL2_row"
                class="testMethodStatusFAIL testMethodStatusCONF">
               <td width="100%" class="firstMethodCell">
                  <a onclick="toggleDetailsVisibility('com.kagami.uiTests.TestCase001_postclass_byStatus_failed_FAIL2_details')">postclass()</a>
               </td>
               <td nowrap="true">18:34:01</td>
               <td nowrap="true" align="right">0 ms
                  
               </td>
               <td nowrap="true">
                  <a onclick="toggleDetailsVisibility('com.kagami.uiTests.TestCase001_postclass_byStatus_failed_FAIL2_exception')">org.openqa.selenium.WebDriverException: 
                     chrome not reachable
                     (Session info: chrome=51.0.2704.103)
                     (Driver info: chromedriver=2.21.371459 (36d3d07f660ff2bc1bf28a75d1cdabed0983e7c4),platform=Windows NT 6.1 SP1 x86_64) (WARNING:
                     The server did not provide any stacktrace information)
                     Command duration or timeout: 1.02 seconds
                     Build info: version: '2.53.1', revision: 'a36b8b1cd5757287168e54b817830adce9b0158d', time: '2016-06-30 19:26:09'
                     System info: host: 'KGML002', ip: '192.168.1.131', os.name: 'Windows 7', os.arch: 'amd64', os.version: '6.1', java.version:
                     '1.8.0_91'
                     Driver info: org.openqa.selenium.chrome.ChromeDriver
                     Capabilities [{applicationCacheEnabled=false, rotatable=false, mobileEmulationEnabled=false, chrome={chromedriverVersion=2.21.371459
                     (36d3d07f660ff2bc1bf28a75d1cdabed0983e7c4), userDataDir=C:\Users\Manish\AppData\Local\Temp\scoped_dir7432_10235}, takesHeapSnapshot=true,
                     databaseEnabled=false, handlesAlerts=true, hasTouchScreen=false, version=51.0.2704.103, platform=XP, browserConnectionEnabled=false,
                     nativeEvents=true, acceptSslCerts=true, locationContextEnabled=true, webStorageEnabled=true, browserName=chrome, takesScreenshot=true,
                     javascriptEnabled=true, cssSelectorsEnabled=true}]
                     Session ID: 78a29caef97f7c7f6c4f50973b25e4b2
                     
                  </a>
                   
                  
               </td>
            </tr>
            <tr>
               <td colspan="4" class="detailsBox">
                  <div id="com.kagami.uiTests.TestCase001_postclass_byStatus_failed_FAIL2_details"
                       class="testMethodDetails">
                     <div>
                        <b>Name: </b>postclass
                     </div>
                     <div>
                        <b>Signature: </b>postclass()[pri:0, instance:com.kagami.uiTests.TestCase001@7722c3c3]
                     </div>
                     <div>
                        <b>Start time: </b>18:34:01
                     </div>
                     <div>
                        <b>End time: </b>18:34:01
                     </div>
                     <div>
                        <b>Duration: </b>0 ms
                        
                     </div>
                  </div>
               </td>
            </tr>
            <tr>
               <td colspan="4" class="detailsBox">
                  <div id="com.kagami.uiTests.TestCase001_postclass_byStatus_failed_FAIL2_exception"
                       class="testMethodDetails">
                     <pre style="padding: 5px; margin: 0;">org.openqa.selenium.WebDriverException: chrome not reachable
                        (Session info: chrome=51.0.2704.103)
                        (Driver info: chromedriver=2.21.371459 (36d3d07f660ff2bc1bf28a75d1cdabed0983e7c4),platform=Windows NT 6.1 SP1 x86_64) (WARNING:
                        The server did not provide any stacktrace information)
                        Command duration or timeout: 1.02 seconds
                        Build info: version: '2.53.1', revision: 'a36b8b1cd5757287168e54b817830adce9b0158d', time: '2016-06-30 19:26:09'
                        System info: host: 'KGML002', ip: '192.168.1.131', os.name: 'Windows 7', os.arch: 'amd64', os.version: '6.1', java.version:
                        '1.8.0_91'
                        Driver info: org.openqa.selenium.chrome.ChromeDriver
                        Capabilities [{applicationCacheEnabled=false, rotatable=false, mobileEmulationEnabled=false, chrome={chromedriverVersion=2.21.371459
                        (36d3d07f660ff2bc1bf28a75d1cdabed0983e7c4), userDataDir=C:\Users\Manish\AppData\Local\Temp\scoped_dir7432_10235}, takesHeapSnapshot=true,
                        databaseEnabled=false, handlesAlerts=true, hasTouchScreen=false, version=51.0.2704.103, platform=XP, browserConnectionEnabled=false,
                        nativeEvents=true, acceptSslCerts=true, locationContextEnabled=true, webStorageEnabled=true, browserName=chrome, takesScreenshot=true,
                        javascriptEnabled=true, cssSelectorsEnabled=true}]
                        Session ID: 78a29caef97f7c7f6c4f50973b25e4b2
                        	at sun.reflect.NativeConstructorAccessorImpl.newInstance0(Native Method)
                        	at sun.reflect.NativeConstructorAccessorImpl.newInstance(NativeConstructorAccessorImpl.java:62)
                        	at sun.reflect.DelegatingConstructorAccessorImpl.newInstance(DelegatingConstructorAccessorImpl.java:45)
                        	at java.lang.reflect.Constructor.newInstance(Constructor.java:423)
                        	at org.openqa.selenium.remote.ErrorHandler.createThrowable(ErrorHandler.java:206)
                        	at org.openqa.selenium.remote.ErrorHandler.throwIfResponseFailed(ErrorHandler.java:158)
                        	at org.openqa.selenium.remote.RemoteWebDriver.execute(RemoteWebDriver.java:678)
                        	at org.openqa.selenium.remote.RemoteWebDriver.execute(RemoteWebDriver.java:701)
                        	at org.openqa.selenium.remote.RemoteWebDriver.close(RemoteWebDriver.java:521)
                        	at com.kagami.testconfig.Testconfiguration.postclass(Testconfiguration.java:117)
                        	at sun.reflect.NativeMethodAccessorImpl.invoke0(Native Method)
                        	at sun.reflect.NativeMethodAccessorImpl.invoke(NativeMethodAccessorImpl.java:62)
                        	at sun.reflect.DelegatingMethodAccessorImpl.invoke(DelegatingMethodAccessorImpl.java:43)
                        	at java.lang.reflect.Method.invoke(Method.java:498)
                        	at org.testng.internal.MethodInvocationHelper.invokeMethod(MethodInvocationHelper.java:80)
                        	at org.testng.internal.Invoker.invokeConfigurationMethod(Invoker.java:551)
                        	at org.testng.internal.Invoker.invokeConfigurations(Invoker.java:213)
                        	at org.testng.internal.Invoker.invokeConfigurations(Invoker.java:138)
                        	at org.testng.internal.TestMethodWorker.invokeAfterClassMethods(TestMethodWorker.java:225)
                        	at org.testng.internal.TestMethodWorker.run(TestMethodWorker.java:114)
                        	at org.testng.TestRunner.privateRun(TestRunner.java:768)
                        	at org.testng.TestRunner.run(TestRunner.java:617)
                        	at org.testng.SuiteRunner.runTest(SuiteRunner.java:334)
                        	at org.testng.SuiteRunner.runSequentially(SuiteRunner.java:329)
                        	at org.testng.SuiteRunner.privateRun(SuiteRunner.java:291)
                        	at org.testng.SuiteRunner.run(SuiteRunner.java:240)
                        	at org.testng.SuiteRunnerWorker.runSuite(SuiteRunnerWorker.java:53)
                        	at org.testng.SuiteRunnerWorker.run(SuiteRunnerWorker.java:87)
                        	at org.testng.TestNG.runSuitesSequentially(TestNG.java:1188)
                        	at org.testng.TestNG.runSuitesLocally(TestNG.java:1113)
                        	at org.testng.TestNG.run(TestNG.java:1025)
                        	at org.testng.remote.AbstractRemoteTestNG.run(AbstractRemoteTestNG.java:126)
                        	at org.testng.remote.RemoteTestNG.initAndRun(RemoteTestNG.java:152)
                        	at org.testng.remote.RemoteTestNG.main(RemoteTestNG.java:57)
                     </pre>
                  </div>
               </td>
            </tr>
            <tr id="com.kagami.uiTests.TestCase001_presuite_byStatus_passed_PASS1_row"
                class="testMethodStatusPASS testMethodStatusCONF">
               <td width="100%" class="firstMethodCell">
                  <a onclick="toggleDetailsVisibility('com.kagami.uiTests.TestCase001_presuite_byStatus_passed_PASS1_details')">presuite()</a>
               </td>
               <td nowrap="true">18:33:52</td>
               <td nowrap="true" align="right">103 ms
                  
               </td>
               <td nowrap="true">
                   
                  
               </td>
            </tr>
            <tr>
               <td colspan="4" class="detailsBox">
                  <div id="com.kagami.uiTests.TestCase001_presuite_byStatus_passed_PASS1_details"
                       class="testMethodDetails">
                     <div>
                        <b>Name: </b>presuite
                     </div>
                     <div>
                        <b>Signature: </b>presuite()[pri:0, instance:com.kagami.uiTests.TestCase001@7722c3c3]
                     </div>
                     <div>
                        <b>Start time: </b>18:33:52
                     </div>
                     <div>
                        <b>End time: </b>18:33:52
                     </div>
                     <div>
                        <b>Duration: </b>103 ms
                        
                     </div>
                  </div>
               </td>
            </tr>
            <tr></tr>
            <tr id="com.kagami.uiTests.TestCase001_preclass_byStatus_passed_PASS2_row"
                class="testMethodStatusPASS testMethodStatusCONF">
               <td width="100%" class="firstMethodCell">
                  <a onclick="toggleDetailsVisibility('com.kagami.uiTests.TestCase001_preclass_byStatus_passed_PASS2_details')">preclass()</a>
               </td>
               <td nowrap="true">18:33:52</td>
               <td nowrap="true" align="right">9s
                  
               </td>
               <td nowrap="true">
                   
                  
               </td>
            </tr>
            <tr>
               <td colspan="4" class="detailsBox">
                  <div id="com.kagami.uiTests.TestCase001_preclass_byStatus_passed_PASS2_details"
                       class="testMethodDetails">
                     <div>
                        <b>Name: </b>preclass
                     </div>
                     <div>
                        <b>Signature: </b>preclass()[pri:0, instance:com.kagami.uiTests.TestCase001@7722c3c3]
                     </div>
                     <div>
                        <b>Start time: </b>18:33:52
                     </div>
                     <div>
                        <b>End time: </b>18:34:01
                     </div>
                     <div>
                        <b>Duration: </b>9s
                        
                     </div>
                  </div>
               </td>
            </tr>
            <tr></tr>
            <tr id="com.kagami.uiTests.TestCase001_postsuite_byStatus_skiped_SKIP1_row"
                class="testMethodStatusSKIP testMethodStatusCONF">
               <td width="100%" class="firstMethodCell">
                  <a onclick="toggleDetailsVisibility('com.kagami.uiTests.TestCase001_postsuite_byStatus_skiped_SKIP1_details')">postsuite()</a>
               </td>
               <td nowrap="true">18:34:02</td>
               <td nowrap="true" align="right">0 ms
                  
               </td>
               <td nowrap="true">
                   
                  
               </td>
            </tr>
            <tr>
               <td colspan="4" class="detailsBox">
                  <div id="com.kagami.uiTests.TestCase001_postsuite_byStatus_skiped_SKIP1_details"
                       class="testMethodDetails">
                     <div>
                        <b>Name: </b>postsuite
                     </div>
                     <div>
                        <b>Signature: </b>postsuite()[pri:0, instance:com.kagami.uiTests.TestCase001@7722c3c3]
                     </div>
                     <div>
                        <b>Start time: </b>18:34:02
                     </div>
                     <div>
                        <b>End time: </b>18:34:02
                     </div>
                     <div>
                        <b>Duration: </b>0 ms
                        
                     </div>
                  </div>
               </td>
            </tr>
            <tr></tr>
         </table>
      </div>
      <div id="testMethodsByClass">
         <table class="testMethodsTable" cellpadding="0" cellspacing="0">
            <tr>
               <td colspan="4">
                  <h3 style="display: inline;">com.kagami.uiTests.TestCase001</h3>
               </td>
            </tr>
            <tr class="methodsTableHeader">
               <td width="100%">Name</td>
               <td nowrap="true">Started</td>
               <td nowrap="true">Duration</td>
               <td>Exception</td>
            </tr>
            <tr id="com.kagami.uiTests.TestCase001_presuite_byClass_PASS1_row"
                class="testMethodStatusPASS testMethodStatusCONF">
               <td width="100%" class="firstMethodCell">
                  <a onclick="toggleDetailsVisibility('com.kagami.uiTests.TestCase001_presuite_byClass_PASS1_details')">presuite()</a>
               </td>
               <td nowrap="true">18:33:52</td>
               <td nowrap="true" align="right">103 ms
                  
               </td>
               <td nowrap="true">
                   
                  
               </td>
            </tr>
            <tr>
               <td colspan="4" class="detailsBox">
                  <div id="com.kagami.uiTests.TestCase001_presuite_byClass_PASS1_details"
                       class="testMethodDetails">
                     <div>
                        <b>Name: </b>presuite
                     </div>
                     <div>
                        <b>Signature: </b>presuite()[pri:0, instance:com.kagami.uiTests.TestCase001@7722c3c3]
                     </div>
                     <div>
                        <b>Start time: </b>18:33:52
                     </div>
                     <div>
                        <b>End time: </b>18:33:52
                     </div>
                     <div>
                        <b>Duration: </b>103 ms
                        
                     </div>
                  </div>
               </td>
            </tr>
            <tr></tr>
            <tr id="com.kagami.uiTests.TestCase001_preclass_byClass_PASS2_row"
                class="testMethodStatusPASS testMethodStatusCONF">
               <td width="100%" class="firstMethodCell">
                  <a onclick="toggleDetailsVisibility('com.kagami.uiTests.TestCase001_preclass_byClass_PASS2_details')">preclass()</a>
               </td>
               <td nowrap="true">18:33:52</td>
               <td nowrap="true" align="right">9s
                  
               </td>
               <td nowrap="true">
                   
                  
               </td>
            </tr>
            <tr>
               <td colspan="4" class="detailsBox">
                  <div id="com.kagami.uiTests.TestCase001_preclass_byClass_PASS2_details"
                       class="testMethodDetails">
                     <div>
                        <b>Name: </b>preclass
                     </div>
                     <div>
                        <b>Signature: </b>preclass()[pri:0, instance:com.kagami.uiTests.TestCase001@7722c3c3]
                     </div>
                     <div>
                        <b>Start time: </b>18:33:52
                     </div>
                     <div>
                        <b>End time: </b>18:34:01
                     </div>
                     <div>
                        <b>Duration: </b>9s
                        
                     </div>
                  </div>
               </td>
            </tr>
            <tr></tr>
            <tr id="com.kagami.uiTests.TestCase001_UiTc_01_byClass_FAIL3_row"
                class="testMethodStatusFAIL">
               <td width="100%" class="firstMethodCell">
                  <a onclick="toggleDetailsVisibility('com.kagami.uiTests.TestCase001_UiTc_01_byClass_FAIL3_details')">UiTc_01()</a>
               </td>
               <td nowrap="true">18:34:01</td>
               <td nowrap="true" align="right">58 ms
                  
               </td>
               <td nowrap="true">
                  <a onclick="toggleDetailsVisibility('com.kagami.uiTests.TestCase001_UiTc_01_byClass_FAIL3_exception')">org.openqa.selenium.NoSuchWindowException: 
                     no such window: target window already closed
                     from unknown error: web view not found
                     (Session info: chrome=51.0.2704.103)
                     (Driver info: chromedriver=2.21.371459 (36d3d07f660ff2bc1bf28a75d1cdabed0983e7c4),platform=Windows NT 6.1 SP1 x86_64) (WARNING:
                     The server did not provide any stacktrace information)
                     Command duration or timeout: 10 milliseconds
                     Build info: version: '2.53.1', revision: 'a36b8b1cd5757287168e54b817830adce9b0158d', time: '2016-06-30 19:26:09'
                     System info: host: 'KGML002', ip: '192.168.1.131', os.name: 'Windows 7', os.arch: 'amd64', os.version: '6.1', java.version:
                     '1.8.0_91'
                     Driver info: org.openqa.selenium.chrome.ChromeDriver
                     Capabilities [{applicationCacheEnabled=false, rotatable=false, mobileEmulationEnabled=false, chrome={chromedriverVersion=2.21.371459
                     (36d3d07f660ff2bc1bf28a75d1cdabed0983e7c4), userDataDir=C:\Users\Manish\AppData\Local\Temp\scoped_dir7432_10235}, takesHeapSnapshot=true,
                     databaseEnabled=false, handlesAlerts=true, hasTouchScreen=false, version=51.0.2704.103, platform=XP, browserConnectionEnabled=false,
                     nativeEvents=true, acceptSslCerts=true, locationContextEnabled=true, webStorageEnabled=true, browserName=chrome, takesScreenshot=true,
                     javascriptEnabled=true, cssSelectorsEnabled=true}]
                     Session ID: 78a29caef97f7c7f6c4f50973b25e4b2
                     *** Element info: {Using=id, value=username}
                     
                  </a>
                   
                  
               </td>
            </tr>
            <tr>
               <td colspan="4" class="detailsBox">
                  <div id="com.kagami.uiTests.TestCase001_UiTc_01_byClass_FAIL3_details"
                       class="testMethodDetails">
                     <div>
                        <b>Name: </b>UiTc_01
                     </div>
                     <div>
                        <b>Signature: </b>UiTc_01()[pri:0, instance:com.kagami.uiTests.TestCase001@7722c3c3]
                     </div>
                     <div>
                        <b>Start time: </b>18:34:01
                     </div>
                     <div>
                        <b>End time: </b>18:34:01
                     </div>
                     <div>
                        <b>Duration: </b>58 ms
                        
                     </div>
                  </div>
               </td>
            </tr>
            <tr>
               <td colspan="4" class="detailsBox">
                  <div id="com.kagami.uiTests.TestCase001_UiTc_01_byClass_FAIL3_exception"
                       class="testMethodDetails">
                     <pre style="padding: 5px; margin: 0;">org.openqa.selenium.NoSuchWindowException: no such window: target window already closed
                        from unknown error: web view not found
                        (Session info: chrome=51.0.2704.103)
                        (Driver info: chromedriver=2.21.371459 (36d3d07f660ff2bc1bf28a75d1cdabed0983e7c4),platform=Windows NT 6.1 SP1 x86_64) (WARNING:
                        The server did not provide any stacktrace information)
                        Command duration or timeout: 10 milliseconds
                        Build info: version: '2.53.1', revision: 'a36b8b1cd5757287168e54b817830adce9b0158d', time: '2016-06-30 19:26:09'
                        System info: host: 'KGML002', ip: '192.168.1.131', os.name: 'Windows 7', os.arch: 'amd64', os.version: '6.1', java.version:
                        '1.8.0_91'
                        Driver info: org.openqa.selenium.chrome.ChromeDriver
                        Capabilities [{applicationCacheEnabled=false, rotatable=false, mobileEmulationEnabled=false, chrome={chromedriverVersion=2.21.371459
                        (36d3d07f660ff2bc1bf28a75d1cdabed0983e7c4), userDataDir=C:\Users\Manish\AppData\Local\Temp\scoped_dir7432_10235}, takesHeapSnapshot=true,
                        databaseEnabled=false, handlesAlerts=true, hasTouchScreen=false, version=51.0.2704.103, platform=XP, browserConnectionEnabled=false,
                        nativeEvents=true, acceptSslCerts=true, locationContextEnabled=true, webStorageEnabled=true, browserName=chrome, takesScreenshot=true,
                        javascriptEnabled=true, cssSelectorsEnabled=true}]
                        Session ID: 78a29caef97f7c7f6c4f50973b25e4b2
                        *** Element info: {Using=id, value=username}
                        	at sun.reflect.NativeConstructorAccessorImpl.newInstance0(Native Method)
                        	at sun.reflect.NativeConstructorAccessorImpl.newInstance(NativeConstructorAccessorImpl.java:62)
                        	at sun.reflect.DelegatingConstructorAccessorImpl.newInstance(DelegatingConstructorAccessorImpl.java:45)
                        	at java.lang.reflect.Constructor.newInstance(Constructor.java:423)
                        	at org.openqa.selenium.remote.ErrorHandler.createThrowable(ErrorHandler.java:206)
                        	at org.openqa.selenium.remote.ErrorHandler.throwIfResponseFailed(ErrorHandler.java:158)
                        	at org.openqa.selenium.remote.RemoteWebDriver.execute(RemoteWebDriver.java:678)
                        	at org.openqa.selenium.remote.RemoteWebDriver.findElement(RemoteWebDriver.java:363)
                        	at org.openqa.selenium.remote.RemoteWebDriver.findElementById(RemoteWebDriver.java:413)
                        	at org.openqa.selenium.By$ById.findElement(By.java:218)
                        	at org.openqa.selenium.remote.RemoteWebDriver.findElement(RemoteWebDriver.java:355)
                        	at org.openqa.selenium.support.pagefactory.DefaultElementLocator.findElement(DefaultElementLocator.java:69)
                        	at org.openqa.selenium.support.pagefactory.internal.LocatingElementHandler.invoke(LocatingElementHandler.java:38)
                        	at com.sun.proxy.$Proxy9.sendKeys(Unknown Source)
                        	at com.kagami.pagerepo.KagamiPageRepository.enterEmail(KagamiPageRepository.java:47)
                        	at com.kagami.uiTests.TestCase001.UiTc_01(TestCase001.java:19)
                        	at sun.reflect.NativeMethodAccessorImpl.invoke0(Native Method)
                        	at sun.reflect.NativeMethodAccessorImpl.invoke(NativeMethodAccessorImpl.java:62)
                        	at sun.reflect.DelegatingMethodAccessorImpl.invoke(DelegatingMethodAccessorImpl.java:43)
                        	at java.lang.reflect.Method.invoke(Method.java:498)
                        	at org.testng.internal.MethodInvocationHelper.invokeMethod(MethodInvocationHelper.java:80)
                        	at org.testng.internal.Invoker.invokeMethod(Invoker.java:702)
                        	at org.testng.internal.Invoker.invokeTestMethod(Invoker.java:894)
                        	at org.testng.internal.Invoker.invokeTestMethods(Invoker.java:1219)
                        	at org.testng.internal.TestMethodWorker.invokeTestMethods(TestMethodWorker.java:127)
                        	at org.testng.internal.TestMethodWorker.run(TestMethodWorker.java:111)
                        	at org.testng.TestRunner.privateRun(TestRunner.java:768)
                        	at org.testng.TestRunner.run(TestRunner.java:617)
                        	at org.testng.SuiteRunner.runTest(SuiteRunner.java:334)
                        	at org.testng.SuiteRunner.runSequentially(SuiteRunner.java:329)
                        	at org.testng.SuiteRunner.privateRun(SuiteRunner.java:291)
                        	at org.testng.SuiteRunner.run(SuiteRunner.java:240)
                        	at org.testng.SuiteRunnerWorker.runSuite(SuiteRunnerWorker.java:53)
                        	at org.testng.SuiteRunnerWorker.run(SuiteRunnerWorker.java:87)
                        	at org.testng.TestNG.runSuitesSequentially(TestNG.java:1188)
                        	at org.testng.TestNG.runSuitesLocally(TestNG.java:1113)
                        	at org.testng.TestNG.run(TestNG.java:1025)
                        	at org.testng.remote.AbstractRemoteTestNG.run(AbstractRemoteTestNG.java:126)
                        	at org.testng.remote.RemoteTestNG.initAndRun(RemoteTestNG.java:152)
                        	at org.testng.remote.RemoteTestNG.main(RemoteTestNG.java:57)
                     </pre>
                  </div>
               </td>
            </tr>
            <tr id="com.kagami.uiTests.TestCase001_postclass_byClass_FAIL4_row"
                class="testMethodStatusFAIL testMethodStatusCONF">
               <td width="100%" class="firstMethodCell">
                  <a onclick="toggleDetailsVisibility('com.kagami.uiTests.TestCase001_postclass_byClass_FAIL4_details')">postclass()</a>
               </td>
               <td nowrap="true">18:34:01</td>
               <td nowrap="true" align="right">0 ms
                  
               </td>
               <td nowrap="true">
                  <a onclick="toggleDetailsVisibility('com.kagami.uiTests.TestCase001_postclass_byClass_FAIL4_exception')">org.openqa.selenium.WebDriverException: 
                     chrome not reachable
                     (Session info: chrome=51.0.2704.103)
                     (Driver info: chromedriver=2.21.371459 (36d3d07f660ff2bc1bf28a75d1cdabed0983e7c4),platform=Windows NT 6.1 SP1 x86_64) (WARNING:
                     The server did not provide any stacktrace information)
                     Command duration or timeout: 1.02 seconds
                     Build info: version: '2.53.1', revision: 'a36b8b1cd5757287168e54b817830adce9b0158d', time: '2016-06-30 19:26:09'
                     System info: host: 'KGML002', ip: '192.168.1.131', os.name: 'Windows 7', os.arch: 'amd64', os.version: '6.1', java.version:
                     '1.8.0_91'
                     Driver info: org.openqa.selenium.chrome.ChromeDriver
                     Capabilities [{applicationCacheEnabled=false, rotatable=false, mobileEmulationEnabled=false, chrome={chromedriverVersion=2.21.371459
                     (36d3d07f660ff2bc1bf28a75d1cdabed0983e7c4), userDataDir=C:\Users\Manish\AppData\Local\Temp\scoped_dir7432_10235}, takesHeapSnapshot=true,
                     databaseEnabled=false, handlesAlerts=true, hasTouchScreen=false, version=51.0.2704.103, platform=XP, browserConnectionEnabled=false,
                     nativeEvents=true, acceptSslCerts=true, locationContextEnabled=true, webStorageEnabled=true, browserName=chrome, takesScreenshot=true,
                     javascriptEnabled=true, cssSelectorsEnabled=true}]
                     Session ID: 78a29caef97f7c7f6c4f50973b25e4b2
                     
                  </a>
                   
                  
               </td>
            </tr>
            <tr>
               <td colspan="4" class="detailsBox">
                  <div id="com.kagami.uiTests.TestCase001_postclass_byClass_FAIL4_details"
                       class="testMethodDetails">
                     <div>
                        <b>Name: </b>postclass
                     </div>
                     <div>
                        <b>Signature: </b>postclass()[pri:0, instance:com.kagami.uiTests.TestCase001@7722c3c3]
                     </div>
                     <div>
                        <b>Start time: </b>18:34:01
                     </div>
                     <div>
                        <b>End time: </b>18:34:01
                     </div>
                     <div>
                        <b>Duration: </b>0 ms
                        
                     </div>
                  </div>
               </td>
            </tr>
            <tr>
               <td colspan="4" class="detailsBox">
                  <div id="com.kagami.uiTests.TestCase001_postclass_byClass_FAIL4_exception"
                       class="testMethodDetails">
                     <pre style="padding: 5px; margin: 0;">org.openqa.selenium.WebDriverException: chrome not reachable
                        (Session info: chrome=51.0.2704.103)
                        (Driver info: chromedriver=2.21.371459 (36d3d07f660ff2bc1bf28a75d1cdabed0983e7c4),platform=Windows NT 6.1 SP1 x86_64) (WARNING:
                        The server did not provide any stacktrace information)
                        Command duration or timeout: 1.02 seconds
                        Build info: version: '2.53.1', revision: 'a36b8b1cd5757287168e54b817830adce9b0158d', time: '2016-06-30 19:26:09'
                        System info: host: 'KGML002', ip: '192.168.1.131', os.name: 'Windows 7', os.arch: 'amd64', os.version: '6.1', java.version:
                        '1.8.0_91'
                        Driver info: org.openqa.selenium.chrome.ChromeDriver
                        Capabilities [{applicationCacheEnabled=false, rotatable=false, mobileEmulationEnabled=false, chrome={chromedriverVersion=2.21.371459
                        (36d3d07f660ff2bc1bf28a75d1cdabed0983e7c4), userDataDir=C:\Users\Manish\AppData\Local\Temp\scoped_dir7432_10235}, takesHeapSnapshot=true,
                        databaseEnabled=false, handlesAlerts=true, hasTouchScreen=false, version=51.0.2704.103, platform=XP, browserConnectionEnabled=false,
                        nativeEvents=true, acceptSslCerts=true, locationContextEnabled=true, webStorageEnabled=true, browserName=chrome, takesScreenshot=true,
                        javascriptEnabled=true, cssSelectorsEnabled=true}]
                        Session ID: 78a29caef97f7c7f6c4f50973b25e4b2
                        	at sun.reflect.NativeConstructorAccessorImpl.newInstance0(Native Method)
                        	at sun.reflect.NativeConstructorAccessorImpl.newInstance(NativeConstructorAccessorImpl.java:62)
                        	at sun.reflect.DelegatingConstructorAccessorImpl.newInstance(DelegatingConstructorAccessorImpl.java:45)
                        	at java.lang.reflect.Constructor.newInstance(Constructor.java:423)
                        	at org.openqa.selenium.remote.ErrorHandler.createThrowable(ErrorHandler.java:206)
                        	at org.openqa.selenium.remote.ErrorHandler.throwIfResponseFailed(ErrorHandler.java:158)
                        	at org.openqa.selenium.remote.RemoteWebDriver.execute(RemoteWebDriver.java:678)
                        	at org.openqa.selenium.remote.RemoteWebDriver.execute(RemoteWebDriver.java:701)
                        	at org.openqa.selenium.remote.RemoteWebDriver.close(RemoteWebDriver.java:521)
                        	at com.kagami.testconfig.Testconfiguration.postclass(Testconfiguration.java:117)
                        	at sun.reflect.NativeMethodAccessorImpl.invoke0(Native Method)
                        	at sun.reflect.NativeMethodAccessorImpl.invoke(NativeMethodAccessorImpl.java:62)
                        	at sun.reflect.DelegatingMethodAccessorImpl.invoke(DelegatingMethodAccessorImpl.java:43)
                        	at java.lang.reflect.Method.invoke(Method.java:498)
                        	at org.testng.internal.MethodInvocationHelper.invokeMethod(MethodInvocationHelper.java:80)
                        	at org.testng.internal.Invoker.invokeConfigurationMethod(Invoker.java:551)
                        	at org.testng.internal.Invoker.invokeConfigurations(Invoker.java:213)
                        	at org.testng.internal.Invoker.invokeConfigurations(Invoker.java:138)
                        	at org.testng.internal.TestMethodWorker.invokeAfterClassMethods(TestMethodWorker.java:225)
                        	at org.testng.internal.TestMethodWorker.run(TestMethodWorker.java:114)
                        	at org.testng.TestRunner.privateRun(TestRunner.java:768)
                        	at org.testng.TestRunner.run(TestRunner.java:617)
                        	at org.testng.SuiteRunner.runTest(SuiteRunner.java:334)
                        	at org.testng.SuiteRunner.runSequentially(SuiteRunner.java:329)
                        	at org.testng.SuiteRunner.privateRun(SuiteRunner.java:291)
                        	at org.testng.SuiteRunner.run(SuiteRunner.java:240)
                        	at org.testng.SuiteRunnerWorker.runSuite(SuiteRunnerWorker.java:53)
                        	at org.testng.SuiteRunnerWorker.run(SuiteRunnerWorker.java:87)
                        	at org.testng.TestNG.runSuitesSequentially(TestNG.java:1188)
                        	at org.testng.TestNG.runSuitesLocally(TestNG.java:1113)
                        	at org.testng.TestNG.run(TestNG.java:1025)
                        	at org.testng.remote.AbstractRemoteTestNG.run(AbstractRemoteTestNG.java:126)
                        	at org.testng.remote.RemoteTestNG.initAndRun(RemoteTestNG.java:152)
                        	at org.testng.remote.RemoteTestNG.main(RemoteTestNG.java:57)
                     </pre>
                  </div>
               </td>
            </tr>
            <tr id="com.kagami.uiTests.TestCase001_postsuite_byClass_SKIP5_row"
                class="testMethodStatusSKIP testMethodStatusCONF">
               <td width="100%" class="firstMethodCell">
                  <a onclick="toggleDetailsVisibility('com.kagami.uiTests.TestCase001_postsuite_byClass_SKIP5_details')">postsuite()</a>
               </td>
               <td nowrap="true">18:34:02</td>
               <td nowrap="true" align="right">0 ms
                  
               </td>
               <td nowrap="true">
                   
                  
               </td>
            </tr>
            <tr>
               <td colspan="4" class="detailsBox">
                  <div id="com.kagami.uiTests.TestCase001_postsuite_byClass_SKIP5_details"
                       class="testMethodDetails">
                     <div>
                        <b>Name: </b>postsuite
                     </div>
                     <div>
                        <b>Signature: </b>postsuite()[pri:0, instance:com.kagami.uiTests.TestCase001@7722c3c3]
                     </div>
                     <div>
                        <b>Start time: </b>18:34:02
                     </div>
                     <div>
                        <b>End time: </b>18:34:02
                     </div>
                     <div>
                        <b>Duration: </b>0 ms
                        
                     </div>
                  </div>
               </td>
            </tr>
            <tr></tr>
         </table>
         <br></br>
      </div>
      <div style="margin-top: 15px; color: gray; text-align: center; font-size: 9px;">
         Generated with
         
         <a href="http://code.google.com/p/testng-xslt/" style="color: #8888aa;"
            target="_blank">
            TestNG XSLT
            
         </a>
      </div>
   </body>
</html>