<!DOCTYPE html PUBLIC "-//W3C//DTD XHTML 1.1//EN" "http://www.w3.org/TR/xhtml11/DTD/xhtml11.dtd">
<html xmlns="http://www.w3.org/1999/xhtml"><head><title>TestNG Report</title><style type="text/css">table {margin-bottom:10px;border-collapse:collapse;empty-cells:show}th,td {border:1px solid #009;padding:.25em .5em}th {vertical-align:bottom}td {vertical-align:top}table a {font-weight:bold}.stripe td {background-color: #E6EBF9}.num {text-align:right}.passedodd td {background-color: #3F3}.passedeven td {background-color: #0A0}.skippedodd td {background-color: #DDD}.skippedeven td {background-color: #CCC}.failedodd td,.attn {background-color: #F33}.failedeven td,.stripe .attn {background-color: #D00}.stacktrace {white-space:pre;font-family:monospace}.totop {font-size:85%;text-align:center;border-bottom:2px solid #000}</style></head><body><table><tr><th>Test</th><th># Passed</th><th># Skipped</th><th># Failed</th><th>Time (ms)</th><th>Included Groups</th><th>Excluded Groups</th></tr><tr><th colspan="7">Suite</th></tr><tr><td><a href="#t0">Test</a></td><td class="num">0</td><td class="num attn">2</td><td class="num attn">1</td><td class="num">26,838</td><td></td><td></td></tr></table><table><thead><tr><th>Class</th><th>Method</th><th>Start</th><th>Time (ms)</th></tr></thead><tbody><tr><th colspan="4">Suite</th></tr></tbody><tbody id="t0"><tr><th colspan="4">Test &#8212; failed (configuration methods)</th></tr><tr class="failedeven"><td rowspan="1">com.kagami.testconfig.TestConfig</td><td><a href="#m0">postsuite</a></td><td rowspan="1">1470312698190</td><td rowspan="1">0</td></tr><tr><th colspan="4">Test &#8212; failed</th></tr><tr class="failedeven"><td rowspan="1">com.kagami.uiTests.DemoAUT</td><td><a href="#m1">register</a></td><td rowspan="1">1470312671356</td><td rowspan="1">26804</td></tr><tr><th colspan="4">Test &#8212; skipped</th></tr><tr class="skippedeven"><td rowspan="2">com.kagami.testconfig.TestConfig</td><td><a href="#m2">main</a></td><td rowspan="1">1470312671347</td><td rowspan="1">0</td></tr><tr class="skippedeven"><td><a href="#m3">zipSingleFile</a></td><td rowspan="1">1470312671353</td><td rowspan="1">0</td></tr></tbody></table><h2>Test</h2><h3 id="m0">com.kagami.testconfig.TestConfig#postsuite</h3><table class="result"><tr><th>Exception</th></tr><tr><td><div class="stacktrace">org.testng.TestNGException: 
Method postsuite requires 4 parameters but 0 were supplied in the @Configuration annotation.
... Removed 16 stack frames</div></td></tr></table><p class="totop"><a href="#summary">back to summary</a></p><h3 id="m1">com.kagami.uiTests.DemoAUT#register</h3><table class="result"><tr><th>Exception</th></tr><tr><td><div class="stacktrace">java.lang.NullPointerException
	at com.kagami.library.GenericMethods.readMultipleTestData(GenericMethods.java:606)
	at com.kagami.uiTests.DemoAUT.register(DemoAUT.java:37)
... Removed 24 stack frames</div></td></tr></table><p class="totop"><a href="#summary">back to summary</a></p><h3 id="m2">com.kagami.testconfig.TestConfig#main</h3><table class="result"><tr><th>Exception</th></tr><tr><td><div class="stacktrace">org.testng.TestNGException: 
Method main requires 1 parameters but 0 were supplied in the @Test annotation.
... Removed 23 stack frames</div></td></tr></table><p class="totop"><a href="#summary">back to summary</a></p><h3 id="m3">com.kagami.testconfig.TestConfig#zipSingleFile</h3><table class="result"><tr><th>Exception</th></tr><tr><td><div class="stacktrace">org.testng.TestNGException: 
Method zipSingleFile requires 2 parameters but 0 were supplied in the @Test annotation.
... Removed 23 stack frames</div></td></tr></table><p class="totop"><a href="#summary">back to summary</a></p></body></html>